<?xml version="1.0" encoding="UTF-8"?>
<testng-results ignored="0" total="1" passed="1" failed="0" skipped="0">
  <reporter-output>
  </reporter-output>
  <suite started-at="2018-05-30T05:36:03Z" name="Default suite" finished-at="2018-05-30T05:36:13Z" duration-ms="9511">
    <groups>
      <group name="IMGUR_TEST">
        <method signature="ImgurTest.tc001_imgur_test(java.lang.String, java.lang.String, org.json.simple.JSONObject)[pri:1, instance:selen.one.framework.utils.ImgurTest@757acd7b]" name="tc001_imgur_test" class="selen.one.framework.utils.ImgurTest"/>
      </group> <!-- IMGUR_TEST -->
    </groups>
    <test started-at="2018-05-30T05:36:03Z" name="Default test" finished-at="2018-05-30T05:36:13Z" duration-ms="9511">
      <class name="selen.one.framework.utils.ImgurTest">
        <test-method is-config="true" signature="suiteSetup(java.lang.String, org.testng.ITestContext)[pri:0, instance:selen.one.framework.utils.ImgurTest@757acd7b]" started-at="2018-05-30T05:36:03Z" name="suiteSetup" finished-at="2018-05-30T05:36:03Z" duration-ms="13" status="PASS">
          <params>
            <param index="0">
              <value>
                <![CDATA[local]]>
              </value>
            </param>
            <param index="1">
              <value>
                <![CDATA[org.testng.TestRunner@2dd0f797]]>
              </value>
            </param>
          </params>
          <reporter-output>
          </reporter-output>
        </test-method> <!-- suiteSetup -->
        <test-method is-config="true" signature="setupTest(java.lang.String, java.lang.String, java.lang.String, java.lang.String, org.testng.ITestContext)[pri:0, instance:selen.one.framework.utils.ImgurTest@757acd7b]" started-at="2018-05-30T05:36:03Z" name="setupTest" finished-at="2018-05-30T05:36:04Z" duration-ms="1310" status="PASS">
          <params>
            <param index="0">
              <value>
                <![CDATA[chrome]]>
              </value>
            </param>
            <param index="1">
              <value>
                <![CDATA[mac]]>
              </value>
            </param>
            <param index="2">
              <value is-null="true"/>
            </param>
            <param index="3">
              <value is-null="true"/>
            </param>
            <param index="4">
              <value>
                <![CDATA[org.testng.TestRunner@2dd0f797]]>
              </value>
            </param>
          </params>
          <reporter-output>
          </reporter-output>
        </test-method> <!-- setupTest -->
        <test-method is-config="true" signature="testClassSetup(org.testng.ITestContext)[pri:0, instance:selen.one.framework.utils.ImgurTest@757acd7b]" started-at="2018-05-30T05:36:04Z" name="testClassSetup" finished-at="2018-05-30T05:36:08Z" duration-ms="3385" status="PASS">
          <params>
            <param index="0">
              <value>
                <![CDATA[org.testng.TestRunner@2dd0f797]]>
              </value>
            </param>
          </params>
          <reporter-output>
          </reporter-output>
        </test-method> <!-- testClassSetup -->
        <test-method signature="tc001_imgur_test(java.lang.String, java.lang.String, org.json.simple.JSONObject)[pri:1, instance:selen.one.framework.utils.ImgurTest@757acd7b]" started-at="2018-05-30T05:36:08Z" name="tc001_imgur_test" data-provider="dataFromJSON" finished-at="2018-05-30T05:36:12Z" duration-ms="4678" status="PASS">
          <params>
            <param index="0">
              <value>
                <![CDATA[tc001_imgur_test.01]]>
              </value>
            </param>
            <param index="1">
              <value>
                <![CDATA[Imgur test]]>
              </value>
            </param>
            <param index="2">
              <value>
                <![CDATA[{"password":"1234er56ig","description":"Imgur test","page":"Log In","rowID":"tc001_imgur_test.01","username":"fg78nc@gmail.com"}]]>
              </value>
            </param>
          </params>
          <reporter-output>
          </reporter-output>
        </test-method> <!-- tc001_imgur_test -->
        <test-method is-config="true" signature="testMethodSetup(org.testng.ITestResult)[pri:0, instance:selen.one.framework.utils.ImgurTest@757acd7b]" started-at="2018-05-30T05:36:08Z" name="testMethodSetup" finished-at="2018-05-30T05:36:08Z" duration-ms="0" status="PASS">
          <params>
            <param index="0">
              <value>
                <![CDATA[[TestResult name=tc001_imgur_test status=SUCCESS method=ImgurTest.tc001_imgur_test(java.lang.String, java.lang.String, org.json.simple.JSONObject)[pri:1, instance:selen.one.framework.utils.ImgurTest@757acd7b] output={null}]]]>
              </value>
            </param>
          </params>
          <reporter-output>
          </reporter-output>
        </test-method> <!-- testMethodSetup -->
        <test-method is-config="true" signature="testMethodTearDown(org.testng.ITestResult)[pri:0, instance:selen.one.framework.utils.ImgurTest@757acd7b]" started-at="2018-05-30T05:36:12Z" name="testMethodTearDown" finished-at="2018-05-30T05:36:12Z" duration-ms="8" status="PASS">
          <params>
            <param index="0">
              <value>
                <![CDATA[[TestResult name=tc001_imgur_test status=SUCCESS method=ImgurTest.tc001_imgur_test(java.lang.String, java.lang.String, org.json.simple.JSONObject)[pri:1, instance:selen.one.framework.utils.ImgurTest@757acd7b] output={null}]]]>
              </value>
            </param>
          </params>
          <reporter-output>
          </reporter-output>
        </test-method> <!-- testMethodTearDown -->
        <test-method is-config="true" signature="testTeardown()[pri:0, instance:selen.one.framework.utils.ImgurTest@757acd7b]" started-at="2018-05-30T05:36:12Z" name="testTeardown" finished-at="2018-05-30T05:36:13Z" duration-ms="109" status="PASS">
          <reporter-output>
          </reporter-output>
        </test-method> <!-- testTeardown -->
      </class> <!-- selen.one.framework.utils.ImgurTest -->
    </test> <!-- Default test -->
  </suite> <!-- Default suite -->
</testng-results>
